SF:lib/features/todo/domain/entities/todo.dart
DA:8,1
DA:10,1
DA:11,3
LF:3
LH:3
end_of_record
SF:lib/features/todo/presentation/bloc/bloc/todo_event.dart
DA:4,2
DA:6,0
DA:7,0
DA:13,1
DA:19,1
DA:26,1
DA:32,1
DA:38,1
LF:8
LH:6
end_of_record
SF:lib/features/todo/presentation/bloc/bloc/todo_state.dart
DA:5,2
DA:9,1
DA:10,2
DA:14,1
DA:19,2
DA:23,1
DA:27,0
LF:7
LH:6
end_of_record
SF:lib/features/todo/presentation/bloc/bloc/todo_bloc.dart
DA:8,3
DA:9,1
DA:10,1
DA:11,1
DA:12,1
DA:13,1
DA:14,1
DA:15,1
DA:16,1
DA:17,1
DA:18,1
DA:19,1
DA:20,1
DA:21,1
DA:25,4
DA:26,2
DA:27,4
DA:28,2
DA:29,6
DA:35,2
DA:36,2
DA:38,2
DA:39,4
DA:40,2
DA:41,2
DA:42,2
DA:44,2
DA:45,4
DA:46,3
DA:47,4
DA:49,2
DA:50,4
DA:51,4
DA:52,4
DA:54,2
DA:55,4
DA:56,2
DA:57,5
DA:58,1
DA:59,4
LF:40
LH:40
end_of_record
